The system is: Linux - 4.4.5-1-ARCH - x86_64
Compiling the C compiler identification source file "CMakeCCompilerId.c" succeeded.
Compiler: /usr/sbin/cc 
Build flags: 
Id flags: 

The output was:
0


Compilation of the C compiler identification source "CMakeCCompilerId.c" produced "a.out"

The C compiler identification is GNU, found in "/home/vade9658/programmiersprachen-aufgabenblatt-4/build/CMakeFiles/3.4.1/CompilerIdC/a.out"

Compiling the CXX compiler identification source file "CMakeCXXCompilerId.cpp" succeeded.
Compiler: /usr/sbin/c++ 
Build flags: 
Id flags: 

The output was:
0


Compilation of the CXX compiler identification source "CMakeCXXCompilerId.cpp" produced "a.out"

The CXX compiler identification is GNU, found in "/home/vade9658/programmiersprachen-aufgabenblatt-4/build/CMakeFiles/3.4.1/CompilerIdCXX/a.out"

Determining if the C compiler works passed with the following output:
Change Dir: /home/vade9658/programmiersprachen-aufgabenblatt-4/build/CMakeFiles/CMakeTmp

Run Build Command:"/usr/sbin/make" "cmTC_a2c88/fast"
/usr/sbin/make -f CMakeFiles/cmTC_a2c88.dir/build.make CMakeFiles/cmTC_a2c88.dir/build
make[1]: Verzeichnis „/home/vade9658/programmiersprachen-aufgabenblatt-4/build/CMakeFiles/CMakeTmp“ wird betreten
Building C object CMakeFiles/cmTC_a2c88.dir/testCCompiler.c.o
/usr/sbin/cc     -o CMakeFiles/cmTC_a2c88.dir/testCCompiler.c.o   -c /home/vade9658/programmiersprachen-aufgabenblatt-4/build/CMakeFiles/CMakeTmp/testCCompiler.c
Linking C executable cmTC_a2c88
/usr/bin/cmake -E cmake_link_script CMakeFiles/cmTC_a2c88.dir/link.txt --verbose=1
/usr/sbin/cc       CMakeFiles/cmTC_a2c88.dir/testCCompiler.c.o  -o cmTC_a2c88 -rdynamic 
make[1]: Verzeichnis „/home/vade9658/programmiersprachen-aufgabenblatt-4/build/CMakeFiles/CMakeTmp“ wird verlassen


Detecting C compiler ABI info compiled with the following output:
Change Dir: /home/vade9658/programmiersprachen-aufgabenblatt-4/build/CMakeFiles/CMakeTmp

Run Build Command:"/usr/sbin/make" "cmTC_60d7e/fast"
/usr/sbin/make -f CMakeFiles/cmTC_60d7e.dir/build.make CMakeFiles/cmTC_60d7e.dir/build
make[1]: Verzeichnis „/home/vade9658/programmiersprachen-aufgabenblatt-4/build/CMakeFiles/CMakeTmp“ wird betreten
Building C object CMakeFiles/cmTC_60d7e.dir/CMakeCCompilerABI.c.o
/usr/sbin/cc     -o CMakeFiles/cmTC_60d7e.dir/CMakeCCompilerABI.c.o   -c /usr/share/cmake-3.4/Modules/CMakeCCompilerABI.c
Linking C executable cmTC_60d7e
/usr/bin/cmake -E cmake_link_script CMakeFiles/cmTC_60d7e.dir/link.txt --verbose=1
/usr/sbin/cc      -v CMakeFiles/cmTC_60d7e.dir/CMakeCCompilerABI.c.o  -o cmTC_60d7e -rdynamic  
Es werden eingebaute Spezifikationen verwendet.
COLLECT_GCC=/usr/sbin/cc
COLLECT_LTO_WRAPPER=/usr/lib/gcc/x86_64-unknown-linux-gnu/5.3.0/lto-wrapper
Ziel: x86_64-unknown-linux-gnu
Konfiguriert mit: /build/gcc/src/gcc-5.3.0/configure --prefix=/usr --libdir=/usr/lib --libexecdir=/usr/lib --mandir=/usr/share/man --infodir=/usr/share/info --with-bugurl=https://bugs.archlinux.org/ --enable-languages=c,c++,ada,fortran,go,lto,objc,obj-c++ --enable-shared --enable-threads=posix --enable-libmpx --with-system-zlib --with-isl --enable-__cxa_atexit --disable-libunwind-exceptions --enable-clocale=gnu --disable-libstdcxx-pch --disable-libssp --enable-gnu-unique-object --enable-linker-build-id --enable-lto --enable-plugin --enable-install-libiberty --with-linker-hash-style=gnu --enable-gnu-indirect-function --disable-multilib --disable-werror --enable-checking=release
Thread-Modell: posix
gcc-Version 5.3.0 (GCC) 
COMPILER_PATH=/usr/lib/gcc/x86_64-unknown-linux-gnu/5.3.0/:/usr/lib/gcc/x86_64-unknown-linux-gnu/5.3.0/:/usr/lib/gcc/x86_64-unknown-linux-gnu/:/usr/lib/gcc/x86_64-unknown-linux-gnu/5.3.0/:/usr/lib/gcc/x86_64-unknown-linux-gnu/
LIBRARY_PATH=/usr/lib/gcc/x86_64-unknown-linux-gnu/5.3.0/:/usr/lib/gcc/x86_64-unknown-linux-gnu/5.3.0/../../../../lib/:/lib/../lib/:/usr/lib/../lib/:/usr/lib/gcc/x86_64-unknown-linux-gnu/5.3.0/../../../:/lib/:/usr/lib/
COLLECT_GCC_OPTIONS='-v' '-o' 'cmTC_60d7e' '-rdynamic' '-mtune=generic' '-march=x86-64'
 /usr/lib/gcc/x86_64-unknown-linux-gnu/5.3.0/collect2 -plugin /usr/lib/gcc/x86_64-unknown-linux-gnu/5.3.0/liblto_plugin.so -plugin-opt=/usr/lib/gcc/x86_64-unknown-linux-gnu/5.3.0/lto-wrapper -plugin-opt=-fresolution=/tmp/ccQLC0TU.res -plugin-opt=-pass-through=-lgcc -plugin-opt=-pass-through=-lgcc_s -plugin-opt=-pass-through=-lc -plugin-opt=-pass-through=-lgcc -plugin-opt=-pass-through=-lgcc_s --build-id --eh-frame-hdr --hash-style=gnu -m elf_x86_64 -export-dynamic -dynamic-linker /lib64/ld-linux-x86-64.so.2 -o cmTC_60d7e /usr/lib/gcc/x86_64-unknown-linux-gnu/5.3.0/../../../../lib/crt1.o /usr/lib/gcc/x86_64-unknown-linux-gnu/5.3.0/../../../../lib/crti.o /usr/lib/gcc/x86_64-unknown-linux-gnu/5.3.0/crtbegin.o -L/usr/lib/gcc/x86_64-unknown-linux-gnu/5.3.0 -L/usr/lib/gcc/x86_64-unknown-linux-gnu/5.3.0/../../../../lib -L/lib/../lib -L/usr/lib/../lib -L/usr/lib/gcc/x86_64-unknown-linux-gnu/5.3.0/../../.. CMakeFiles/cmTC_60d7e.dir/CMakeCCompilerABI.c.o -lgcc --as-needed -lgcc_s --no-as-needed -lc -lgcc --as-needed -lgcc_s --no-as-needed /usr/lib/gcc/x86_64-unknown-linux-gnu/5.3.0/crtend.o /usr/lib/gcc/x86_64-unknown-linux-gnu/5.3.0/../../../../lib/crtn.o
make[1]: Verzeichnis „/home/vade9658/programmiersprachen-aufgabenblatt-4/build/CMakeFiles/CMakeTmp“ wird verlassen


Parsed C implicit link information from above output:
  link line regex: [^( *|.*[/\])(ld|([^/\]+-)?ld|collect2)[^/\]*( |$)]
  ignore line: [Change Dir: /home/vade9658/programmiersprachen-aufgabenblatt-4/build/CMakeFiles/CMakeTmp]
  ignore line: []
  ignore line: [Run Build Command:"/usr/sbin/make" "cmTC_60d7e/fast"]
  ignore line: [/usr/sbin/make -f CMakeFiles/cmTC_60d7e.dir/build.make CMakeFiles/cmTC_60d7e.dir/build]
  ignore line: [make[1]: Verzeichnis „/home/vade9658/programmiersprachen-aufgabenblatt-4/build/CMakeFiles/CMakeTmp“ wird betreten]
  ignore line: [Building C object CMakeFiles/cmTC_60d7e.dir/CMakeCCompilerABI.c.o]
  ignore line: [/usr/sbin/cc     -o CMakeFiles/cmTC_60d7e.dir/CMakeCCompilerABI.c.o   -c /usr/share/cmake-3.4/Modules/CMakeCCompilerABI.c]
  ignore line: [Linking C executable cmTC_60d7e]
  ignore line: [/usr/bin/cmake -E cmake_link_script CMakeFiles/cmTC_60d7e.dir/link.txt --verbose=1]
  ignore line: [/usr/sbin/cc      -v CMakeFiles/cmTC_60d7e.dir/CMakeCCompilerABI.c.o  -o cmTC_60d7e -rdynamic  ]
  ignore line: [Es werden eingebaute Spezifikationen verwendet.]
  ignore line: [COLLECT_GCC=/usr/sbin/cc]
  ignore line: [COLLECT_LTO_WRAPPER=/usr/lib/gcc/x86_64-unknown-linux-gnu/5.3.0/lto-wrapper]
  ignore line: [Ziel: x86_64-unknown-linux-gnu]
  ignore line: [Konfiguriert mit: /build/gcc/src/gcc-5.3.0/configure --prefix=/usr --libdir=/usr/lib --libexecdir=/usr/lib --mandir=/usr/share/man --infodir=/usr/share/info --with-bugurl=https://bugs.archlinux.org/ --enable-languages=c,c++,ada,fortran,go,lto,objc,obj-c++ --enable-shared --enable-threads=posix --enable-libmpx --with-system-zlib --with-isl --enable-__cxa_atexit --disable-libunwind-exceptions --enable-clocale=gnu --disable-libstdcxx-pch --disable-libssp --enable-gnu-unique-object --enable-linker-build-id --enable-lto --enable-plugin --enable-install-libiberty --with-linker-hash-style=gnu --enable-gnu-indirect-function --disable-multilib --disable-werror --enable-checking=release]
  ignore line: [Thread-Modell: posix]
  ignore line: [gcc-Version 5.3.0 (GCC) ]
  ignore line: [COMPILER_PATH=/usr/lib/gcc/x86_64-unknown-linux-gnu/5.3.0/:/usr/lib/gcc/x86_64-unknown-linux-gnu/5.3.0/:/usr/lib/gcc/x86_64-unknown-linux-gnu/:/usr/lib/gcc/x86_64-unknown-linux-gnu/5.3.0/:/usr/lib/gcc/x86_64-unknown-linux-gnu/]
  ignore line: [LIBRARY_PATH=/usr/lib/gcc/x86_64-unknown-linux-gnu/5.3.0/:/usr/lib/gcc/x86_64-unknown-linux-gnu/5.3.0/../../../../lib/:/lib/../lib/:/usr/lib/../lib/:/usr/lib/gcc/x86_64-unknown-linux-gnu/5.3.0/../../../:/lib/:/usr/lib/]
  ignore line: [COLLECT_GCC_OPTIONS='-v' '-o' 'cmTC_60d7e' '-rdynamic' '-mtune=generic' '-march=x86-64']
  link line: [ /usr/lib/gcc/x86_64-unknown-linux-gnu/5.3.0/collect2 -plugin /usr/lib/gcc/x86_64-unknown-linux-gnu/5.3.0/liblto_plugin.so -plugin-opt=/usr/lib/gcc/x86_64-unknown-linux-gnu/5.3.0/lto-wrapper -plugin-opt=-fresolution=/tmp/ccQLC0TU.res -plugin-opt=-pass-through=-lgcc -plugin-opt=-pass-through=-lgcc_s -plugin-opt=-pass-through=-lc -plugin-opt=-pass-through=-lgcc -plugin-opt=-pass-through=-lgcc_s --build-id --eh-frame-hdr --hash-style=gnu -m elf_x86_64 -export-dynamic -dynamic-linker /lib64/ld-linux-x86-64.so.2 -o cmTC_60d7e /usr/lib/gcc/x86_64-unknown-linux-gnu/5.3.0/../../../../lib/crt1.o /usr/lib/gcc/x86_64-unknown-linux-gnu/5.3.0/../../../../lib/crti.o /usr/lib/gcc/x86_64-unknown-linux-gnu/5.3.0/crtbegin.o -L/usr/lib/gcc/x86_64-unknown-linux-gnu/5.3.0 -L/usr/lib/gcc/x86_64-unknown-linux-gnu/5.3.0/../../../../lib -L/lib/../lib -L/usr/lib/../lib -L/usr/lib/gcc/x86_64-unknown-linux-gnu/5.3.0/../../.. CMakeFiles/cmTC_60d7e.dir/CMakeCCompilerABI.c.o -lgcc --as-needed -lgcc_s --no-as-needed -lc -lgcc --as-needed -lgcc_s --no-as-needed /usr/lib/gcc/x86_64-unknown-linux-gnu/5.3.0/crtend.o /usr/lib/gcc/x86_64-unknown-linux-gnu/5.3.0/../../../../lib/crtn.o]
    arg [/usr/lib/gcc/x86_64-unknown-linux-gnu/5.3.0/collect2] ==> ignore
    arg [-plugin] ==> ignore
    arg [/usr/lib/gcc/x86_64-unknown-linux-gnu/5.3.0/liblto_plugin.so] ==> ignore
    arg [-plugin-opt=/usr/lib/gcc/x86_64-unknown-linux-gnu/5.3.0/lto-wrapper] ==> ignore
    arg [-plugin-opt=-fresolution=/tmp/ccQLC0TU.res] ==> ignore
    arg [-plugin-opt=-pass-through=-lgcc] ==> ignore
    arg [-plugin-opt=-pass-through=-lgcc_s] ==> ignore
    arg [-plugin-opt=-pass-through=-lc] ==> ignore
    arg [-plugin-opt=-pass-through=-lgcc] ==> ignore
    arg [-plugin-opt=-pass-through=-lgcc_s] ==> ignore
    arg [--build-id] ==> ignore
    arg [--eh-frame-hdr] ==> ignore
    arg [--hash-style=gnu] ==> ignore
    arg [-m] ==> ignore
    arg [elf_x86_64] ==> ignore
    arg [-export-dynamic] ==> ignore
    arg [-dynamic-linker] ==> ignore
    arg [/lib64/ld-linux-x86-64.so.2] ==> ignore
    arg [-o] ==> ignore
    arg [cmTC_60d7e] ==> ignore
    arg [/usr/lib/gcc/x86_64-unknown-linux-gnu/5.3.0/../../../../lib/crt1.o] ==> ignore
    arg [/usr/lib/gcc/x86_64-unknown-linux-gnu/5.3.0/../../../../lib/crti.o] ==> ignore
    arg [/usr/lib/gcc/x86_64-unknown-linux-gnu/5.3.0/crtbegin.o] ==> ignore
    arg [-L/usr/lib/gcc/x86_64-unknown-linux-gnu/5.3.0] ==> dir [/usr/lib/gcc/x86_64-unknown-linux-gnu/5.3.0]
    arg [-L/usr/lib/gcc/x86_64-unknown-linux-gnu/5.3.0/../../../../lib] ==> dir [/usr/lib/gcc/x86_64-unknown-linux-gnu/5.3.0/../../../../lib]
    arg [-L/lib/../lib] ==> dir [/lib/../lib]
    arg [-L/usr/lib/../lib] ==> dir [/usr/lib/../lib]
    arg [-L/usr/lib/gcc/x86_64-unknown-linux-gnu/5.3.0/../../..] ==> dir [/usr/lib/gcc/x86_64-unknown-linux-gnu/5.3.0/../../..]
    arg [CMakeFiles/cmTC_60d7e.dir/CMakeCCompilerABI.c.o] ==> ignore
    arg [-lgcc] ==> lib [gcc]
    arg [--as-needed] ==> ignore
    arg [-lgcc_s] ==> lib [gcc_s]
    arg [--no-as-needed] ==> ignore
    arg [-lc] ==> lib [c]
    arg [-lgcc] ==> lib [gcc]
    arg [--as-needed] ==> ignore
    arg [-lgcc_s] ==> lib [gcc_s]
    arg [--no-as-needed] ==> ignore
    arg [/usr/lib/gcc/x86_64-unknown-linux-gnu/5.3.0/crtend.o] ==> ignore
    arg [/usr/lib/gcc/x86_64-unknown-linux-gnu/5.3.0/../../../../lib/crtn.o] ==> ignore
  remove lib [gcc]
  remove lib [gcc_s]
  remove lib [gcc]
  remove lib [gcc_s]
  collapse library dir [/usr/lib/gcc/x86_64-unknown-linux-gnu/5.3.0] ==> [/usr/lib/gcc/x86_64-unknown-linux-gnu/5.3.0]
  collapse library dir [/usr/lib/gcc/x86_64-unknown-linux-gnu/5.3.0/../../../../lib] ==> [/usr/lib]
  collapse library dir [/lib/../lib] ==> [/lib]
  collapse library dir [/usr/lib/../lib] ==> [/usr/lib]
  collapse library dir [/usr/lib/gcc/x86_64-unknown-linux-gnu/5.3.0/../../..] ==> [/usr/lib]
  implicit libs: [c]
  implicit dirs: [/usr/lib/gcc/x86_64-unknown-linux-gnu/5.3.0;/usr/lib;/lib]
  implicit fwks: []




Detecting C [-std=c11] compiler features compiled with the following output:
Change Dir: /home/vade9658/programmiersprachen-aufgabenblatt-4/build/CMakeFiles/CMakeTmp

Run Build Command:"/usr/sbin/make" "cmTC_f0835/fast"
/usr/sbin/make -f CMakeFiles/cmTC_f0835.dir/build.make CMakeFiles/cmTC_f0835.dir/build
make[1]: Verzeichnis „/home/vade9658/programmiersprachen-aufgabenblatt-4/build/CMakeFiles/CMakeTmp“ wird betreten
Building C object CMakeFiles/cmTC_f0835.dir/feature_tests.c.o
/usr/sbin/cc    -std=c11 -o CMakeFiles/cmTC_f0835.dir/feature_tests.c.o   -c /home/vade9658/programmiersprachen-aufgabenblatt-4/build/CMakeFiles/feature_tests.c
Linking C executable cmTC_f0835
/usr/bin/cmake -E cmake_link_script CMakeFiles/cmTC_f0835.dir/link.txt --verbose=1
/usr/sbin/cc       CMakeFiles/cmTC_f0835.dir/feature_tests.c.o  -o cmTC_f0835 -rdynamic 
make[1]: Verzeichnis „/home/vade9658/programmiersprachen-aufgabenblatt-4/build/CMakeFiles/CMakeTmp“ wird verlassen


    Feature record: C_FEATURE:1c_function_prototypes
    Feature record: C_FEATURE:1c_restrict
    Feature record: C_FEATURE:1c_static_assert
    Feature record: C_FEATURE:1c_variadic_macros


Detecting C [-std=c99] compiler features compiled with the following output:
Change Dir: /home/vade9658/programmiersprachen-aufgabenblatt-4/build/CMakeFiles/CMakeTmp

Run Build Command:"/usr/sbin/make" "cmTC_bfc57/fast"
/usr/sbin/make -f CMakeFiles/cmTC_bfc57.dir/build.make CMakeFiles/cmTC_bfc57.dir/build
make[1]: Verzeichnis „/home/vade9658/programmiersprachen-aufgabenblatt-4/build/CMakeFiles/CMakeTmp“ wird betreten
Building C object CMakeFiles/cmTC_bfc57.dir/feature_tests.c.o
/usr/sbin/cc    -std=c99 -o CMakeFiles/cmTC_bfc57.dir/feature_tests.c.o   -c /home/vade9658/programmiersprachen-aufgabenblatt-4/build/CMakeFiles/feature_tests.c
Linking C executable cmTC_bfc57
/usr/bin/cmake -E cmake_link_script CMakeFiles/cmTC_bfc57.dir/link.txt --verbose=1
/usr/sbin/cc       CMakeFiles/cmTC_bfc57.dir/feature_tests.c.o  -o cmTC_bfc57 -rdynamic 
make[1]: Verzeichnis „/home/vade9658/programmiersprachen-aufgabenblatt-4/build/CMakeFiles/CMakeTmp“ wird verlassen


    Feature record: C_FEATURE:1c_function_prototypes
    Feature record: C_FEATURE:1c_restrict
    Feature record: C_FEATURE:0c_static_assert
    Feature record: C_FEATURE:1c_variadic_macros


Detecting C [-std=c90] compiler features compiled with the following output:
Change Dir: /home/vade9658/programmiersprachen-aufgabenblatt-4/build/CMakeFiles/CMakeTmp

Run Build Command:"/usr/sbin/make" "cmTC_12311/fast"
/usr/sbin/make -f CMakeFiles/cmTC_12311.dir/build.make CMakeFiles/cmTC_12311.dir/build
make[1]: Verzeichnis „/home/vade9658/programmiersprachen-aufgabenblatt-4/build/CMakeFiles/CMakeTmp“ wird betreten
Building C object CMakeFiles/cmTC_12311.dir/feature_tests.c.o
/usr/sbin/cc    -std=c90 -o CMakeFiles/cmTC_12311.dir/feature_tests.c.o   -c /home/vade9658/programmiersprachen-aufgabenblatt-4/build/CMakeFiles/feature_tests.c
Linking C executable cmTC_12311
/usr/bin/cmake -E cmake_link_script CMakeFiles/cmTC_12311.dir/link.txt --verbose=1
/usr/sbin/cc       CMakeFiles/cmTC_12311.dir/feature_tests.c.o  -o cmTC_12311 -rdynamic 
make[1]: Verzeichnis „/home/vade9658/programmiersprachen-aufgabenblatt-4/build/CMakeFiles/CMakeTmp“ wird verlassen


    Feature record: C_FEATURE:1c_function_prototypes
    Feature record: C_FEATURE:0c_restrict
    Feature record: C_FEATURE:0c_static_assert
    Feature record: C_FEATURE:0c_variadic_macros
Determining if the CXX compiler works passed with the following output:
Change Dir: /home/vade9658/programmiersprachen-aufgabenblatt-4/build/CMakeFiles/CMakeTmp

Run Build Command:"/usr/sbin/make" "cmTC_0673e/fast"
/usr/sbin/make -f CMakeFiles/cmTC_0673e.dir/build.make CMakeFiles/cmTC_0673e.dir/build
make[1]: Verzeichnis „/home/vade9658/programmiersprachen-aufgabenblatt-4/build/CMakeFiles/CMakeTmp“ wird betreten
Building CXX object CMakeFiles/cmTC_0673e.dir/testCXXCompiler.cxx.o
/usr/sbin/c++      -o CMakeFiles/cmTC_0673e.dir/testCXXCompiler.cxx.o -c /home/vade9658/programmiersprachen-aufgabenblatt-4/build/CMakeFiles/CMakeTmp/testCXXCompiler.cxx
Linking CXX executable cmTC_0673e
/usr/bin/cmake -E cmake_link_script CMakeFiles/cmTC_0673e.dir/link.txt --verbose=1
/usr/sbin/c++        CMakeFiles/cmTC_0673e.dir/testCXXCompiler.cxx.o  -o cmTC_0673e -rdynamic 
make[1]: Verzeichnis „/home/vade9658/programmiersprachen-aufgabenblatt-4/build/CMakeFiles/CMakeTmp“ wird verlassen


Detecting CXX compiler ABI info compiled with the following output:
Change Dir: /home/vade9658/programmiersprachen-aufgabenblatt-4/build/CMakeFiles/CMakeTmp

Run Build Command:"/usr/sbin/make" "cmTC_5d82d/fast"
/usr/sbin/make -f CMakeFiles/cmTC_5d82d.dir/build.make CMakeFiles/cmTC_5d82d.dir/build
make[1]: Verzeichnis „/home/vade9658/programmiersprachen-aufgabenblatt-4/build/CMakeFiles/CMakeTmp“ wird betreten
Building CXX object CMakeFiles/cmTC_5d82d.dir/CMakeCXXCompilerABI.cpp.o
/usr/sbin/c++      -o CMakeFiles/cmTC_5d82d.dir/CMakeCXXCompilerABI.cpp.o -c /usr/share/cmake-3.4/Modules/CMakeCXXCompilerABI.cpp
Linking CXX executable cmTC_5d82d
/usr/bin/cmake -E cmake_link_script CMakeFiles/cmTC_5d82d.dir/link.txt --verbose=1
/usr/sbin/c++       -v CMakeFiles/cmTC_5d82d.dir/CMakeCXXCompilerABI.cpp.o  -o cmTC_5d82d -rdynamic  
Es werden eingebaute Spezifikationen verwendet.
COLLECT_GCC=/usr/sbin/c++
COLLECT_LTO_WRAPPER=/usr/lib/gcc/x86_64-unknown-linux-gnu/5.3.0/lto-wrapper
Ziel: x86_64-unknown-linux-gnu
Konfiguriert mit: /build/gcc/src/gcc-5.3.0/configure --prefix=/usr --libdir=/usr/lib --libexecdir=/usr/lib --mandir=/usr/share/man --infodir=/usr/share/info --with-bugurl=https://bugs.archlinux.org/ --enable-languages=c,c++,ada,fortran,go,lto,objc,obj-c++ --enable-shared --enable-threads=posix --enable-libmpx --with-system-zlib --with-isl --enable-__cxa_atexit --disable-libunwind-exceptions --enable-clocale=gnu --disable-libstdcxx-pch --disable-libssp --enable-gnu-unique-object --enable-linker-build-id --enable-lto --enable-plugin --enable-install-libiberty --with-linker-hash-style=gnu --enable-gnu-indirect-function --disable-multilib --disable-werror --enable-checking=release
Thread-Modell: posix
gcc-Version 5.3.0 (GCC) 
COMPILER_PATH=/usr/lib/gcc/x86_64-unknown-linux-gnu/5.3.0/:/usr/lib/gcc/x86_64-unknown-linux-gnu/5.3.0/:/usr/lib/gcc/x86_64-unknown-linux-gnu/:/usr/lib/gcc/x86_64-unknown-linux-gnu/5.3.0/:/usr/lib/gcc/x86_64-unknown-linux-gnu/
LIBRARY_PATH=/usr/lib/gcc/x86_64-unknown-linux-gnu/5.3.0/:/usr/lib/gcc/x86_64-unknown-linux-gnu/5.3.0/../../../../lib/:/lib/../lib/:/usr/lib/../lib/:/usr/lib/gcc/x86_64-unknown-linux-gnu/5.3.0/../../../:/lib/:/usr/lib/
COLLECT_GCC_OPTIONS='-v' '-o' 'cmTC_5d82d' '-rdynamic' '-shared-libgcc' '-mtune=generic' '-march=x86-64'
 /usr/lib/gcc/x86_64-unknown-linux-gnu/5.3.0/collect2 -plugin /usr/lib/gcc/x86_64-unknown-linux-gnu/5.3.0/liblto_plugin.so -plugin-opt=/usr/lib/gcc/x86_64-unknown-linux-gnu/5.3.0/lto-wrapper -plugin-opt=-fresolution=/tmp/ccmF2vfq.res -plugin-opt=-pass-through=-lgcc_s -plugin-opt=-pass-through=-lgcc -plugin-opt=-pass-through=-lc -plugin-opt=-pass-through=-lgcc_s -plugin-opt=-pass-through=-lgcc --build-id --eh-frame-hdr --hash-style=gnu -m elf_x86_64 -export-dynamic -dynamic-linker /lib64/ld-linux-x86-64.so.2 -o cmTC_5d82d /usr/lib/gcc/x86_64-unknown-linux-gnu/5.3.0/../../../../lib/crt1.o /usr/lib/gcc/x86_64-unknown-linux-gnu/5.3.0/../../../../lib/crti.o /usr/lib/gcc/x86_64-unknown-linux-gnu/5.3.0/crtbegin.o -L/usr/lib/gcc/x86_64-unknown-linux-gnu/5.3.0 -L/usr/lib/gcc/x86_64-unknown-linux-gnu/5.3.0/../../../../lib -L/lib/../lib -L/usr/lib/../lib -L/usr/lib/gcc/x86_64-unknown-linux-gnu/5.3.0/../../.. CMakeFiles/cmTC_5d82d.dir/CMakeCXXCompilerABI.cpp.o -lstdc++ -lm -lgcc_s -lgcc -lc -lgcc_s -lgcc /usr/lib/gcc/x86_64-unknown-linux-gnu/5.3.0/crtend.o /usr/lib/gcc/x86_64-unknown-linux-gnu/5.3.0/../../../../lib/crtn.o
make[1]: Verzeichnis „/home/vade9658/programmiersprachen-aufgabenblatt-4/build/CMakeFiles/CMakeTmp“ wird verlassen


Parsed CXX implicit link information from above output:
  link line regex: [^( *|.*[/\])(ld|([^/\]+-)?ld|collect2)[^/\]*( |$)]
  ignore line: [Change Dir: /home/vade9658/programmiersprachen-aufgabenblatt-4/build/CMakeFiles/CMakeTmp]
  ignore line: []
  ignore line: [Run Build Command:"/usr/sbin/make" "cmTC_5d82d/fast"]
  ignore line: [/usr/sbin/make -f CMakeFiles/cmTC_5d82d.dir/build.make CMakeFiles/cmTC_5d82d.dir/build]
  ignore line: [make[1]: Verzeichnis „/home/vade9658/programmiersprachen-aufgabenblatt-4/build/CMakeFiles/CMakeTmp“ wird betreten]
  ignore line: [Building CXX object CMakeFiles/cmTC_5d82d.dir/CMakeCXXCompilerABI.cpp.o]
  ignore line: [/usr/sbin/c++      -o CMakeFiles/cmTC_5d82d.dir/CMakeCXXCompilerABI.cpp.o -c /usr/share/cmake-3.4/Modules/CMakeCXXCompilerABI.cpp]
  ignore line: [Linking CXX executable cmTC_5d82d]
  ignore line: [/usr/bin/cmake -E cmake_link_script CMakeFiles/cmTC_5d82d.dir/link.txt --verbose=1]
  ignore line: [/usr/sbin/c++       -v CMakeFiles/cmTC_5d82d.dir/CMakeCXXCompilerABI.cpp.o  -o cmTC_5d82d -rdynamic  ]
  ignore line: [Es werden eingebaute Spezifikationen verwendet.]
  ignore line: [COLLECT_GCC=/usr/sbin/c++]
  ignore line: [COLLECT_LTO_WRAPPER=/usr/lib/gcc/x86_64-unknown-linux-gnu/5.3.0/lto-wrapper]
  ignore line: [Ziel: x86_64-unknown-linux-gnu]
  ignore line: [Konfiguriert mit: /build/gcc/src/gcc-5.3.0/configure --prefix=/usr --libdir=/usr/lib --libexecdir=/usr/lib --mandir=/usr/share/man --infodir=/usr/share/info --with-bugurl=https://bugs.archlinux.org/ --enable-languages=c,c++,ada,fortran,go,lto,objc,obj-c++ --enable-shared --enable-threads=posix --enable-libmpx --with-system-zlib --with-isl --enable-__cxa_atexit --disable-libunwind-exceptions --enable-clocale=gnu --disable-libstdcxx-pch --disable-libssp --enable-gnu-unique-object --enable-linker-build-id --enable-lto --enable-plugin --enable-install-libiberty --with-linker-hash-style=gnu --enable-gnu-indirect-function --disable-multilib --disable-werror --enable-checking=release]
  ignore line: [Thread-Modell: posix]
  ignore line: [gcc-Version 5.3.0 (GCC) ]
  ignore line: [COMPILER_PATH=/usr/lib/gcc/x86_64-unknown-linux-gnu/5.3.0/:/usr/lib/gcc/x86_64-unknown-linux-gnu/5.3.0/:/usr/lib/gcc/x86_64-unknown-linux-gnu/:/usr/lib/gcc/x86_64-unknown-linux-gnu/5.3.0/:/usr/lib/gcc/x86_64-unknown-linux-gnu/]
  ignore line: [LIBRARY_PATH=/usr/lib/gcc/x86_64-unknown-linux-gnu/5.3.0/:/usr/lib/gcc/x86_64-unknown-linux-gnu/5.3.0/../../../../lib/:/lib/../lib/:/usr/lib/../lib/:/usr/lib/gcc/x86_64-unknown-linux-gnu/5.3.0/../../../:/lib/:/usr/lib/]
  ignore line: [COLLECT_GCC_OPTIONS='-v' '-o' 'cmTC_5d82d' '-rdynamic' '-shared-libgcc' '-mtune=generic' '-march=x86-64']
  link line: [ /usr/lib/gcc/x86_64-unknown-linux-gnu/5.3.0/collect2 -plugin /usr/lib/gcc/x86_64-unknown-linux-gnu/5.3.0/liblto_plugin.so -plugin-opt=/usr/lib/gcc/x86_64-unknown-linux-gnu/5.3.0/lto-wrapper -plugin-opt=-fresolution=/tmp/ccmF2vfq.res -plugin-opt=-pass-through=-lgcc_s -plugin-opt=-pass-through=-lgcc -plugin-opt=-pass-through=-lc -plugin-opt=-pass-through=-lgcc_s -plugin-opt=-pass-through=-lgcc --build-id --eh-frame-hdr --hash-style=gnu -m elf_x86_64 -export-dynamic -dynamic-linker /lib64/ld-linux-x86-64.so.2 -o cmTC_5d82d /usr/lib/gcc/x86_64-unknown-linux-gnu/5.3.0/../../../../lib/crt1.o /usr/lib/gcc/x86_64-unknown-linux-gnu/5.3.0/../../../../lib/crti.o /usr/lib/gcc/x86_64-unknown-linux-gnu/5.3.0/crtbegin.o -L/usr/lib/gcc/x86_64-unknown-linux-gnu/5.3.0 -L/usr/lib/gcc/x86_64-unknown-linux-gnu/5.3.0/../../../../lib -L/lib/../lib -L/usr/lib/../lib -L/usr/lib/gcc/x86_64-unknown-linux-gnu/5.3.0/../../.. CMakeFiles/cmTC_5d82d.dir/CMakeCXXCompilerABI.cpp.o -lstdc++ -lm -lgcc_s -lgcc -lc -lgcc_s -lgcc /usr/lib/gcc/x86_64-unknown-linux-gnu/5.3.0/crtend.o /usr/lib/gcc/x86_64-unknown-linux-gnu/5.3.0/../../../../lib/crtn.o]
    arg [/usr/lib/gcc/x86_64-unknown-linux-gnu/5.3.0/collect2] ==> ignore
    arg [-plugin] ==> ignore
    arg [/usr/lib/gcc/x86_64-unknown-linux-gnu/5.3.0/liblto_plugin.so] ==> ignore
    arg [-plugin-opt=/usr/lib/gcc/x86_64-unknown-linux-gnu/5.3.0/lto-wrapper] ==> ignore
    arg [-plugin-opt=-fresolution=/tmp/ccmF2vfq.res] ==> ignore
    arg [-plugin-opt=-pass-through=-lgcc_s] ==> ignore
    arg [-plugin-opt=-pass-through=-lgcc] ==> ignore
    arg [-plugin-opt=-pass-through=-lc] ==> ignore
    arg [-plugin-opt=-pass-through=-lgcc_s] ==> ignore
    arg [-plugin-opt=-pass-through=-lgcc] ==> ignore
    arg [--build-id] ==> ignore
    arg [--eh-frame-hdr] ==> ignore
    arg [--hash-style=gnu] ==> ignore
    arg [-m] ==> ignore
    arg [elf_x86_64] ==> ignore
    arg [-export-dynamic] ==> ignore
    arg [-dynamic-linker] ==> ignore
    arg [/lib64/ld-linux-x86-64.so.2] ==> ignore
    arg [-o] ==> ignore
    arg [cmTC_5d82d] ==> ignore
    arg [/usr/lib/gcc/x86_64-unknown-linux-gnu/5.3.0/../../../../lib/crt1.o] ==> ignore
    arg [/usr/lib/gcc/x86_64-unknown-linux-gnu/5.3.0/../../../../lib/crti.o] ==> ignore
    arg [/usr/lib/gcc/x86_64-unknown-linux-gnu/5.3.0/crtbegin.o] ==> ignore
    arg [-L/usr/lib/gcc/x86_64-unknown-linux-gnu/5.3.0] ==> dir [/usr/lib/gcc/x86_64-unknown-linux-gnu/5.3.0]
    arg [-L/usr/lib/gcc/x86_64-unknown-linux-gnu/5.3.0/../../../../lib] ==> dir [/usr/lib/gcc/x86_64-unknown-linux-gnu/5.3.0/../../../../lib]
    arg [-L/lib/../lib] ==> dir [/lib/../lib]
    arg [-L/usr/lib/../lib] ==> dir [/usr/lib/../lib]
    arg [-L/usr/lib/gcc/x86_64-unknown-linux-gnu/5.3.0/../../..] ==> dir [/usr/lib/gcc/x86_64-unknown-linux-gnu/5.3.0/../../..]
    arg [CMakeFiles/cmTC_5d82d.dir/CMakeCXXCompilerABI.cpp.o] ==> ignore
    arg [-lstdc++] ==> lib [stdc++]
    arg [-lm] ==> lib [m]
    arg [-lgcc_s] ==> lib [gcc_s]
    arg [-lgcc] ==> lib [gcc]
    arg [-lc] ==> lib [c]
    arg [-lgcc_s] ==> lib [gcc_s]
    arg [-lgcc] ==> lib [gcc]
    arg [/usr/lib/gcc/x86_64-unknown-linux-gnu/5.3.0/crtend.o] ==> ignore
    arg [/usr/lib/gcc/x86_64-unknown-linux-gnu/5.3.0/../../../../lib/crtn.o] ==> ignore
  remove lib [gcc_s]
  remove lib [gcc]
  remove lib [gcc_s]
  remove lib [gcc]
  collapse library dir [/usr/lib/gcc/x86_64-unknown-linux-gnu/5.3.0] ==> [/usr/lib/gcc/x86_64-unknown-linux-gnu/5.3.0]
  collapse library dir [/usr/lib/gcc/x86_64-unknown-linux-gnu/5.3.0/../../../../lib] ==> [/usr/lib]
  collapse library dir [/lib/../lib] ==> [/lib]
  collapse library dir [/usr/lib/../lib] ==> [/usr/lib]
  collapse library dir [/usr/lib/gcc/x86_64-unknown-linux-gnu/5.3.0/../../..] ==> [/usr/lib]
  implicit libs: [stdc++;m;c]
  implicit dirs: [/usr/lib/gcc/x86_64-unknown-linux-gnu/5.3.0;/usr/lib;/lib]
  implicit fwks: []




Detecting CXX [-std=c++14] compiler features compiled with the following output:
Change Dir: /home/vade9658/programmiersprachen-aufgabenblatt-4/build/CMakeFiles/CMakeTmp

Run Build Command:"/usr/sbin/make" "cmTC_d6bd6/fast"
/usr/sbin/make -f CMakeFiles/cmTC_d6bd6.dir/build.make CMakeFiles/cmTC_d6bd6.dir/build
make[1]: Verzeichnis „/home/vade9658/programmiersprachen-aufgabenblatt-4/build/CMakeFiles/CMakeTmp“ wird betreten
Building CXX object CMakeFiles/cmTC_d6bd6.dir/feature_tests.cxx.o
/usr/sbin/c++     -std=c++14 -o CMakeFiles/cmTC_d6bd6.dir/feature_tests.cxx.o -c /home/vade9658/programmiersprachen-aufgabenblatt-4/build/CMakeFiles/feature_tests.cxx
Linking CXX executable cmTC_d6bd6
/usr/bin/cmake -E cmake_link_script CMakeFiles/cmTC_d6bd6.dir/link.txt --verbose=1
/usr/sbin/c++        CMakeFiles/cmTC_d6bd6.dir/feature_tests.cxx.o  -o cmTC_d6bd6 -rdynamic 
make[1]: Verzeichnis „/home/vade9658/programmiersprachen-aufgabenblatt-4/build/CMakeFiles/CMakeTmp“ wird verlassen


    Feature record: CXX_FEATURE:1cxx_aggregate_default_initializers
    Feature record: CXX_FEATURE:1cxx_alias_templates
    Feature record: CXX_FEATURE:1cxx_alignas
    Feature record: CXX_FEATURE:1cxx_alignof
    Feature record: CXX_FEATURE:1cxx_attributes
    Feature record: CXX_FEATURE:1cxx_attribute_deprecated
    Feature record: CXX_FEATURE:1cxx_auto_type
    Feature record: CXX_FEATURE:1cxx_binary_literals
    Feature record: CXX_FEATURE:1cxx_constexpr
    Feature record: CXX_FEATURE:1cxx_contextual_conversions
    Feature record: CXX_FEATURE:1cxx_decltype
    Feature record: CXX_FEATURE:1cxx_decltype_auto
    Feature record: CXX_FEATURE:1cxx_decltype_incomplete_return_types
    Feature record: CXX_FEATURE:1cxx_default_function_template_args
    Feature record: CXX_FEATURE:1cxx_defaulted_functions
    Feature record: CXX_FEATURE:1cxx_defaulted_move_initializers
    Feature record: CXX_FEATURE:1cxx_delegating_constructors
    Feature record: CXX_FEATURE:1cxx_deleted_functions
    Feature record: CXX_FEATURE:1cxx_digit_separators
    Feature record: CXX_FEATURE:1cxx_enum_forward_declarations
    Feature record: CXX_FEATURE:1cxx_explicit_conversions
    Feature record: CXX_FEATURE:1cxx_extended_friend_declarations
    Feature record: CXX_FEATURE:1cxx_extern_templates
    Feature record: CXX_FEATURE:1cxx_final
    Feature record: CXX_FEATURE:1cxx_func_identifier
    Feature record: CXX_FEATURE:1cxx_generalized_initializers
    Feature record: CXX_FEATURE:1cxx_generic_lambdas
    Feature record: CXX_FEATURE:1cxx_inheriting_constructors
    Feature record: CXX_FEATURE:1cxx_inline_namespaces
    Feature record: CXX_FEATURE:1cxx_lambdas
    Feature record: CXX_FEATURE:1cxx_lambda_init_captures
    Feature record: CXX_FEATURE:1cxx_local_type_template_args
    Feature record: CXX_FEATURE:1cxx_long_long_type
    Feature record: CXX_FEATURE:1cxx_noexcept
    Feature record: CXX_FEATURE:1cxx_nonstatic_member_init
    Feature record: CXX_FEATURE:1cxx_nullptr
    Feature record: CXX_FEATURE:1cxx_override
    Feature record: CXX_FEATURE:1cxx_range_for
    Feature record: CXX_FEATURE:1cxx_raw_string_literals
    Feature record: CXX_FEATURE:1cxx_reference_qualified_functions
    Feature record: CXX_FEATURE:1cxx_relaxed_constexpr
    Feature record: CXX_FEATURE:1cxx_return_type_deduction
    Feature record: CXX_FEATURE:1cxx_right_angle_brackets
    Feature record: CXX_FEATURE:1cxx_rvalue_references
    Feature record: CXX_FEATURE:1cxx_sizeof_member
    Feature record: CXX_FEATURE:1cxx_static_assert
    Feature record: CXX_FEATURE:1cxx_strong_enums
    Feature record: CXX_FEATURE:1cxx_template_template_parameters
    Feature record: CXX_FEATURE:1cxx_thread_local
    Feature record: CXX_FEATURE:1cxx_trailing_return_types
    Feature record: CXX_FEATURE:1cxx_unicode_literals
    Feature record: CXX_FEATURE:1cxx_uniform_initialization
    Feature record: CXX_FEATURE:1cxx_unrestricted_unions
    Feature record: CXX_FEATURE:1cxx_user_literals
    Feature record: CXX_FEATURE:1cxx_variable_templates
    Feature record: CXX_FEATURE:1cxx_variadic_macros
    Feature record: CXX_FEATURE:1cxx_variadic_templates


Detecting CXX [-std=c++11] compiler features compiled with the following output:
Change Dir: /home/vade9658/programmiersprachen-aufgabenblatt-4/build/CMakeFiles/CMakeTmp

Run Build Command:"/usr/sbin/make" "cmTC_7366d/fast"
/usr/sbin/make -f CMakeFiles/cmTC_7366d.dir/build.make CMakeFiles/cmTC_7366d.dir/build
make[1]: Verzeichnis „/home/vade9658/programmiersprachen-aufgabenblatt-4/build/CMakeFiles/CMakeTmp“ wird betreten
Building CXX object CMakeFiles/cmTC_7366d.dir/feature_tests.cxx.o
/usr/sbin/c++     -std=c++11 -o CMakeFiles/cmTC_7366d.dir/feature_tests.cxx.o -c /home/vade9658/programmiersprachen-aufgabenblatt-4/build/CMakeFiles/feature_tests.cxx
Linking CXX executable cmTC_7366d
/usr/bin/cmake -E cmake_link_script CMakeFiles/cmTC_7366d.dir/link.txt --verbose=1
/usr/sbin/c++        CMakeFiles/cmTC_7366d.dir/feature_tests.cxx.o  -o cmTC_7366d -rdynamic 
make[1]: Verzeichnis „/home/vade9658/programmiersprachen-aufgabenblatt-4/build/CMakeFiles/CMakeTmp“ wird verlassen


    Feature record: CXX_FEATURE:0cxx_aggregate_default_initializers
    Feature record: CXX_FEATURE:1cxx_alias_templates
    Feature record: CXX_FEATURE:1cxx_alignas
    Feature record: CXX_FEATURE:1cxx_alignof
    Feature record: CXX_FEATURE:1cxx_attributes
    Feature record: CXX_FEATURE:0cxx_attribute_deprecated
    Feature record: CXX_FEATURE:1cxx_auto_type
    Feature record: CXX_FEATURE:0cxx_binary_literals
    Feature record: CXX_FEATURE:1cxx_constexpr
    Feature record: CXX_FEATURE:0cxx_contextual_conversions
    Feature record: CXX_FEATURE:1cxx_decltype
    Feature record: CXX_FEATURE:0cxx_decltype_auto
    Feature record: CXX_FEATURE:1cxx_decltype_incomplete_return_types
    Feature record: CXX_FEATURE:1cxx_default_function_template_args
    Feature record: CXX_FEATURE:1cxx_defaulted_functions
    Feature record: CXX_FEATURE:1cxx_defaulted_move_initializers
    Feature record: CXX_FEATURE:1cxx_delegating_constructors
    Feature record: CXX_FEATURE:1cxx_deleted_functions
    Feature record: CXX_FEATURE:0cxx_digit_separators
    Feature record: CXX_FEATURE:1cxx_enum_forward_declarations
    Feature record: CXX_FEATURE:1cxx_explicit_conversions
    Feature record: CXX_FEATURE:1cxx_extended_friend_declarations
    Feature record: CXX_FEATURE:1cxx_extern_templates
    Feature record: CXX_FEATURE:1cxx_final
    Feature record: CXX_FEATURE:1cxx_func_identifier
    Feature record: CXX_FEATURE:1cxx_generalized_initializers
    Feature record: CXX_FEATURE:0cxx_generic_lambdas
    Feature record: CXX_FEATURE:1cxx_inheriting_constructors
    Feature record: CXX_FEATURE:1cxx_inline_namespaces
    Feature record: CXX_FEATURE:1cxx_lambdas
    Feature record: CXX_FEATURE:0cxx_lambda_init_captures
    Feature record: CXX_FEATURE:1cxx_local_type_template_args
    Feature record: CXX_FEATURE:1cxx_long_long_type
    Feature record: CXX_FEATURE:1cxx_noexcept
    Feature record: CXX_FEATURE:1cxx_nonstatic_member_init
    Feature record: CXX_FEATURE:1cxx_nullptr
    Feature record: CXX_FEATURE:1cxx_override
    Feature record: CXX_FEATURE:1cxx_range_for
    Feature record: CXX_FEATURE:1cxx_raw_string_literals
    Feature record: CXX_FEATURE:1cxx_reference_qualified_functions
    Feature record: CXX_FEATURE:0cxx_relaxed_constexpr
    Feature record: CXX_FEATURE:0cxx_return_type_deduction
    Feature record: CXX_FEATURE:1cxx_right_angle_brackets
    Feature record: CXX_FEATURE:1cxx_rvalue_references
    Feature record: CXX_FEATURE:1cxx_sizeof_member
    Feature record: CXX_FEATURE:1cxx_static_assert
    Feature record: CXX_FEATURE:1cxx_strong_enums
    Feature record: CXX_FEATURE:1cxx_template_template_parameters
    Feature record: CXX_FEATURE:1cxx_thread_local
    Feature record: CXX_FEATURE:1cxx_trailing_return_types
    Feature record: CXX_FEATURE:1cxx_unicode_literals
    Feature record: CXX_FEATURE:1cxx_uniform_initialization
    Feature record: CXX_FEATURE:1cxx_unrestricted_unions
    Feature record: CXX_FEATURE:1cxx_user_literals
    Feature record: CXX_FEATURE:0cxx_variable_templates
    Feature record: CXX_FEATURE:1cxx_variadic_macros
    Feature record: CXX_FEATURE:1cxx_variadic_templates


Detecting CXX [-std=c++98] compiler features compiled with the following output:
Change Dir: /home/vade9658/programmiersprachen-aufgabenblatt-4/build/CMakeFiles/CMakeTmp

Run Build Command:"/usr/sbin/make" "cmTC_ff19b/fast"
/usr/sbin/make -f CMakeFiles/cmTC_ff19b.dir/build.make CMakeFiles/cmTC_ff19b.dir/build
make[1]: Verzeichnis „/home/vade9658/programmiersprachen-aufgabenblatt-4/build/CMakeFiles/CMakeTmp“ wird betreten
Building CXX object CMakeFiles/cmTC_ff19b.dir/feature_tests.cxx.o
/usr/sbin/c++     -std=c++98 -o CMakeFiles/cmTC_ff19b.dir/feature_tests.cxx.o -c /home/vade9658/programmiersprachen-aufgabenblatt-4/build/CMakeFiles/feature_tests.cxx
Linking CXX executable cmTC_ff19b
/usr/bin/cmake -E cmake_link_script CMakeFiles/cmTC_ff19b.dir/link.txt --verbose=1
/usr/sbin/c++        CMakeFiles/cmTC_ff19b.dir/feature_tests.cxx.o  -o cmTC_ff19b -rdynamic 
make[1]: Verzeichnis „/home/vade9658/programmiersprachen-aufgabenblatt-4/build/CMakeFiles/CMakeTmp“ wird verlassen


    Feature record: CXX_FEATURE:0cxx_aggregate_default_initializers
    Feature record: CXX_FEATURE:0cxx_alias_templates
    Feature record: CXX_FEATURE:0cxx_alignas
    Feature record: CXX_FEATURE:0cxx_alignof
    Feature record: CXX_FEATURE:0cxx_attributes
    Feature record: CXX_FEATURE:0cxx_attribute_deprecated
    Feature record: CXX_FEATURE:0cxx_auto_type
    Feature record: CXX_FEATURE:0cxx_binary_literals
    Feature record: CXX_FEATURE:0cxx_constexpr
    Feature record: CXX_FEATURE:0cxx_contextual_conversions
    Feature record: CXX_FEATURE:0cxx_decltype
    Feature record: CXX_FEATURE:0cxx_decltype_auto
    Feature record: CXX_FEATURE:0cxx_decltype_incomplete_return_types
    Feature record: CXX_FEATURE:0cxx_default_function_template_args
    Feature record: CXX_FEATURE:0cxx_defaulted_functions
    Feature record: CXX_FEATURE:0cxx_defaulted_move_initializers
    Feature record: CXX_FEATURE:0cxx_delegating_constructors
    Feature record: CXX_FEATURE:0cxx_deleted_functions
    Feature record: CXX_FEATURE:0cxx_digit_separators
    Feature record: CXX_FEATURE:0cxx_enum_forward_declarations
    Feature record: CXX_FEATURE:0cxx_explicit_conversions
    Feature record: CXX_FEATURE:0cxx_extended_friend_declarations
    Feature record: CXX_FEATURE:0cxx_extern_templates
    Feature record: CXX_FEATURE:0cxx_final
    Feature record: CXX_FEATURE:0cxx_func_identifier
    Feature record: CXX_FEATURE:0cxx_generalized_initializers
    Feature record: CXX_FEATURE:0cxx_generic_lambdas
    Feature record: CXX_FEATURE:0cxx_inheriting_constructors
    Feature record: CXX_FEATURE:0cxx_inline_namespaces
    Feature record: CXX_FEATURE:0cxx_lambdas
    Feature record: CXX_FEATURE:0cxx_lambda_init_captures
    Feature record: CXX_FEATURE:0cxx_local_type_template_args
    Feature record: CXX_FEATURE:0cxx_long_long_type
    Feature record: CXX_FEATURE:0cxx_noexcept
    Feature record: CXX_FEATURE:0cxx_nonstatic_member_init
    Feature record: CXX_FEATURE:0cxx_nullptr
    Feature record: CXX_FEATURE:0cxx_override
    Feature record: CXX_FEATURE:0cxx_range_for
    Feature record: CXX_FEATURE:0cxx_raw_string_literals
    Feature record: CXX_FEATURE:0cxx_reference_qualified_functions
    Feature record: CXX_FEATURE:0cxx_relaxed_constexpr
    Feature record: CXX_FEATURE:0cxx_return_type_deduction
    Feature record: CXX_FEATURE:0cxx_right_angle_brackets
    Feature record: CXX_FEATURE:0cxx_rvalue_references
    Feature record: CXX_FEATURE:0cxx_sizeof_member
    Feature record: CXX_FEATURE:0cxx_static_assert
    Feature record: CXX_FEATURE:0cxx_strong_enums
    Feature record: CXX_FEATURE:1cxx_template_template_parameters
    Feature record: CXX_FEATURE:0cxx_thread_local
    Feature record: CXX_FEATURE:0cxx_trailing_return_types
    Feature record: CXX_FEATURE:0cxx_unicode_literals
    Feature record: CXX_FEATURE:0cxx_uniform_initialization
    Feature record: CXX_FEATURE:0cxx_unrestricted_unions
    Feature record: CXX_FEATURE:0cxx_user_literals
    Feature record: CXX_FEATURE:0cxx_variable_templates
    Feature record: CXX_FEATURE:0cxx_variadic_macros
    Feature record: CXX_FEATURE:0cxx_variadic_templates
Determining if the include file pthread.h exists passed with the following output:
Change Dir: /home/vade9658/programmiersprachen-aufgabenblatt-4/build/CMakeFiles/CMakeTmp

Run Build Command:"/usr/sbin/make" "cmTC_10472/fast"
/usr/sbin/make -f CMakeFiles/cmTC_10472.dir/build.make CMakeFiles/cmTC_10472.dir/build
make[1]: Verzeichnis „/home/vade9658/programmiersprachen-aufgabenblatt-4/build/CMakeFiles/CMakeTmp“ wird betreten
Building C object CMakeFiles/cmTC_10472.dir/CheckIncludeFile.c.o
/usr/sbin/cc     -o CMakeFiles/cmTC_10472.dir/CheckIncludeFile.c.o   -c /home/vade9658/programmiersprachen-aufgabenblatt-4/build/CMakeFiles/CMakeTmp/CheckIncludeFile.c
Linking C executable cmTC_10472
/usr/bin/cmake -E cmake_link_script CMakeFiles/cmTC_10472.dir/link.txt --verbose=1
/usr/sbin/cc       CMakeFiles/cmTC_10472.dir/CheckIncludeFile.c.o  -o cmTC_10472 -rdynamic 
make[1]: Verzeichnis „/home/vade9658/programmiersprachen-aufgabenblatt-4/build/CMakeFiles/CMakeTmp“ wird verlassen


Determining if the function pthread_create exists in the pthread passed with the following output:
Change Dir: /home/vade9658/programmiersprachen-aufgabenblatt-4/build/CMakeFiles/CMakeTmp

Run Build Command:"/usr/sbin/make" "cmTC_53387/fast"
/usr/sbin/make -f CMakeFiles/cmTC_53387.dir/build.make CMakeFiles/cmTC_53387.dir/build
make[1]: Verzeichnis „/home/vade9658/programmiersprachen-aufgabenblatt-4/build/CMakeFiles/CMakeTmp“ wird betreten
Building C object CMakeFiles/cmTC_53387.dir/CheckFunctionExists.c.o
/usr/sbin/cc    -DCHECK_FUNCTION_EXISTS=pthread_create   -o CMakeFiles/cmTC_53387.dir/CheckFunctionExists.c.o   -c /usr/share/cmake-3.4/Modules/CheckFunctionExists.c
Linking C executable cmTC_53387
/usr/bin/cmake -E cmake_link_script CMakeFiles/cmTC_53387.dir/link.txt --verbose=1
/usr/sbin/cc   -DCHECK_FUNCTION_EXISTS=pthread_create    CMakeFiles/cmTC_53387.dir/CheckFunctionExists.c.o  -o cmTC_53387 -rdynamic -lpthread 
make[1]: Verzeichnis „/home/vade9658/programmiersprachen-aufgabenblatt-4/build/CMakeFiles/CMakeTmp“ wird verlassen


Determining if the function XOpenDisplay exists in the /usr/lib64/libX11.so;/usr/lib64/libXext.so passed with the following output:
Change Dir: /home/vade9658/programmiersprachen-aufgabenblatt-4/build/CMakeFiles/CMakeTmp

Run Build Command:"/usr/sbin/make" "cmTC_65bf5/fast"
/usr/sbin/make -f CMakeFiles/cmTC_65bf5.dir/build.make CMakeFiles/cmTC_65bf5.dir/build
make[1]: Verzeichnis „/home/vade9658/programmiersprachen-aufgabenblatt-4/build/CMakeFiles/CMakeTmp“ wird betreten
Building C object CMakeFiles/cmTC_65bf5.dir/CheckFunctionExists.c.o
/usr/sbin/cc    -DCHECK_FUNCTION_EXISTS=XOpenDisplay   -o CMakeFiles/cmTC_65bf5.dir/CheckFunctionExists.c.o   -c /usr/share/cmake-3.4/Modules/CheckFunctionExists.c
Linking C executable cmTC_65bf5
/usr/bin/cmake -E cmake_link_script CMakeFiles/cmTC_65bf5.dir/link.txt --verbose=1
/usr/sbin/cc   -DCHECK_FUNCTION_EXISTS=XOpenDisplay    CMakeFiles/cmTC_65bf5.dir/CheckFunctionExists.c.o  -o cmTC_65bf5 -rdynamic /usr/lib64/libX11.so /usr/lib64/libXext.so 
make[1]: Verzeichnis „/home/vade9658/programmiersprachen-aufgabenblatt-4/build/CMakeFiles/CMakeTmp“ wird verlassen


Determining if the function gethostbyname exists passed with the following output:
Change Dir: /home/vade9658/programmiersprachen-aufgabenblatt-4/build/CMakeFiles/CMakeTmp

Run Build Command:"/usr/sbin/make" "cmTC_e6c1c/fast"
/usr/sbin/make -f CMakeFiles/cmTC_e6c1c.dir/build.make CMakeFiles/cmTC_e6c1c.dir/build
make[1]: Verzeichnis „/home/vade9658/programmiersprachen-aufgabenblatt-4/build/CMakeFiles/CMakeTmp“ wird betreten
Building C object CMakeFiles/cmTC_e6c1c.dir/CheckFunctionExists.c.o
/usr/sbin/cc    -DCHECK_FUNCTION_EXISTS=gethostbyname   -o CMakeFiles/cmTC_e6c1c.dir/CheckFunctionExists.c.o   -c /usr/share/cmake-3.4/Modules/CheckFunctionExists.c
Linking C executable cmTC_e6c1c
/usr/bin/cmake -E cmake_link_script CMakeFiles/cmTC_e6c1c.dir/link.txt --verbose=1
/usr/sbin/cc   -DCHECK_FUNCTION_EXISTS=gethostbyname    CMakeFiles/cmTC_e6c1c.dir/CheckFunctionExists.c.o  -o cmTC_e6c1c -rdynamic 
make[1]: Verzeichnis „/home/vade9658/programmiersprachen-aufgabenblatt-4/build/CMakeFiles/CMakeTmp“ wird verlassen


Determining if the function connect exists passed with the following output:
Change Dir: /home/vade9658/programmiersprachen-aufgabenblatt-4/build/CMakeFiles/CMakeTmp

Run Build Command:"/usr/sbin/make" "cmTC_1e61b/fast"
/usr/sbin/make -f CMakeFiles/cmTC_1e61b.dir/build.make CMakeFiles/cmTC_1e61b.dir/build
make[1]: Verzeichnis „/home/vade9658/programmiersprachen-aufgabenblatt-4/build/CMakeFiles/CMakeTmp“ wird betreten
Building C object CMakeFiles/cmTC_1e61b.dir/CheckFunctionExists.c.o
/usr/sbin/cc    -DCHECK_FUNCTION_EXISTS=connect   -o CMakeFiles/cmTC_1e61b.dir/CheckFunctionExists.c.o   -c /usr/share/cmake-3.4/Modules/CheckFunctionExists.c
Linking C executable cmTC_1e61b
/usr/bin/cmake -E cmake_link_script CMakeFiles/cmTC_1e61b.dir/link.txt --verbose=1
/usr/sbin/cc   -DCHECK_FUNCTION_EXISTS=connect    CMakeFiles/cmTC_1e61b.dir/CheckFunctionExists.c.o  -o cmTC_1e61b -rdynamic 
make[1]: Verzeichnis „/home/vade9658/programmiersprachen-aufgabenblatt-4/build/CMakeFiles/CMakeTmp“ wird verlassen


Determining if the function remove exists passed with the following output:
Change Dir: /home/vade9658/programmiersprachen-aufgabenblatt-4/build/CMakeFiles/CMakeTmp

Run Build Command:"/usr/sbin/make" "cmTC_23d19/fast"
/usr/sbin/make -f CMakeFiles/cmTC_23d19.dir/build.make CMakeFiles/cmTC_23d19.dir/build
make[1]: Verzeichnis „/home/vade9658/programmiersprachen-aufgabenblatt-4/build/CMakeFiles/CMakeTmp“ wird betreten
Building C object CMakeFiles/cmTC_23d19.dir/CheckFunctionExists.c.o
/usr/sbin/cc    -DCHECK_FUNCTION_EXISTS=remove   -o CMakeFiles/cmTC_23d19.dir/CheckFunctionExists.c.o   -c /usr/share/cmake-3.4/Modules/CheckFunctionExists.c
Linking C executable cmTC_23d19
/usr/bin/cmake -E cmake_link_script CMakeFiles/cmTC_23d19.dir/link.txt --verbose=1
/usr/sbin/cc   -DCHECK_FUNCTION_EXISTS=remove    CMakeFiles/cmTC_23d19.dir/CheckFunctionExists.c.o  -o cmTC_23d19 -rdynamic 
make[1]: Verzeichnis „/home/vade9658/programmiersprachen-aufgabenblatt-4/build/CMakeFiles/CMakeTmp“ wird verlassen


Determining if the function shmat exists passed with the following output:
Change Dir: /home/vade9658/programmiersprachen-aufgabenblatt-4/build/CMakeFiles/CMakeTmp

Run Build Command:"/usr/sbin/make" "cmTC_e2ed8/fast"
/usr/sbin/make -f CMakeFiles/cmTC_e2ed8.dir/build.make CMakeFiles/cmTC_e2ed8.dir/build
make[1]: Verzeichnis „/home/vade9658/programmiersprachen-aufgabenblatt-4/build/CMakeFiles/CMakeTmp“ wird betreten
Building C object CMakeFiles/cmTC_e2ed8.dir/CheckFunctionExists.c.o
/usr/sbin/cc    -DCHECK_FUNCTION_EXISTS=shmat   -o CMakeFiles/cmTC_e2ed8.dir/CheckFunctionExists.c.o   -c /usr/share/cmake-3.4/Modules/CheckFunctionExists.c
Linking C executable cmTC_e2ed8
/usr/bin/cmake -E cmake_link_script CMakeFiles/cmTC_e2ed8.dir/link.txt --verbose=1
/usr/sbin/cc   -DCHECK_FUNCTION_EXISTS=shmat    CMakeFiles/cmTC_e2ed8.dir/CheckFunctionExists.c.o  -o cmTC_e2ed8 -rdynamic 
make[1]: Verzeichnis „/home/vade9658/programmiersprachen-aufgabenblatt-4/build/CMakeFiles/CMakeTmp“ wird verlassen


Determining if the function IceConnectionNumber exists in the ICE passed with the following output:
Change Dir: /home/vade9658/programmiersprachen-aufgabenblatt-4/build/CMakeFiles/CMakeTmp

Run Build Command:"/usr/sbin/make" "cmTC_0bf70/fast"
/usr/sbin/make -f CMakeFiles/cmTC_0bf70.dir/build.make CMakeFiles/cmTC_0bf70.dir/build
make[1]: Verzeichnis „/home/vade9658/programmiersprachen-aufgabenblatt-4/build/CMakeFiles/CMakeTmp“ wird betreten
Building C object CMakeFiles/cmTC_0bf70.dir/CheckFunctionExists.c.o
/usr/sbin/cc    -DCHECK_FUNCTION_EXISTS=IceConnectionNumber   -o CMakeFiles/cmTC_0bf70.dir/CheckFunctionExists.c.o   -c /usr/share/cmake-3.4/Modules/CheckFunctionExists.c
Linking C executable cmTC_0bf70
/usr/bin/cmake -E cmake_link_script CMakeFiles/cmTC_0bf70.dir/link.txt --verbose=1
/usr/sbin/cc   -DCHECK_FUNCTION_EXISTS=IceConnectionNumber    CMakeFiles/cmTC_0bf70.dir/CheckFunctionExists.c.o  -o cmTC_0bf70 -rdynamic -lICE 
make[1]: Verzeichnis „/home/vade9658/programmiersprachen-aufgabenblatt-4/build/CMakeFiles/CMakeTmp“ wird verlassen


Determining if the function glXGetProcAddress exists passed with the following output:
Change Dir: /home/vade9658/programmiersprachen-aufgabenblatt-4/build/CMakeFiles/CMakeTmp

Run Build Command:"/usr/sbin/make" "cmTC_ef005/fast"
/usr/sbin/make -f CMakeFiles/cmTC_ef005.dir/build.make CMakeFiles/cmTC_ef005.dir/build
make[1]: Verzeichnis „/home/vade9658/programmiersprachen-aufgabenblatt-4/build/CMakeFiles/CMakeTmp“ wird betreten
Building C object CMakeFiles/cmTC_ef005.dir/CheckFunctionExists.c.o
/usr/sbin/cc    -DCHECK_FUNCTION_EXISTS=glXGetProcAddress   -o CMakeFiles/cmTC_ef005.dir/CheckFunctionExists.c.o   -c /usr/share/cmake-3.4/Modules/CheckFunctionExists.c
Linking C executable cmTC_ef005
/usr/bin/cmake -E cmake_link_script CMakeFiles/cmTC_ef005.dir/link.txt --verbose=1
/usr/sbin/cc   -DCHECK_FUNCTION_EXISTS=glXGetProcAddress    CMakeFiles/cmTC_ef005.dir/CheckFunctionExists.c.o  -o cmTC_ef005 -rdynamic /usr/lib64/libGL.so 
make[1]: Verzeichnis „/home/vade9658/programmiersprachen-aufgabenblatt-4/build/CMakeFiles/CMakeTmp“ wird verlassen


Determining if the function glXGetProcAddressARB exists passed with the following output:
Change Dir: /home/vade9658/programmiersprachen-aufgabenblatt-4/build/CMakeFiles/CMakeTmp

Run Build Command:"/usr/sbin/make" "cmTC_11889/fast"
/usr/sbin/make -f CMakeFiles/cmTC_11889.dir/build.make CMakeFiles/cmTC_11889.dir/build
make[1]: Verzeichnis „/home/vade9658/programmiersprachen-aufgabenblatt-4/build/CMakeFiles/CMakeTmp“ wird betreten
Building C object CMakeFiles/cmTC_11889.dir/CheckFunctionExists.c.o
/usr/sbin/cc    -DCHECK_FUNCTION_EXISTS=glXGetProcAddressARB   -o CMakeFiles/cmTC_11889.dir/CheckFunctionExists.c.o   -c /usr/share/cmake-3.4/Modules/CheckFunctionExists.c
Linking C executable cmTC_11889
/usr/bin/cmake -E cmake_link_script CMakeFiles/cmTC_11889.dir/link.txt --verbose=1
/usr/sbin/cc   -DCHECK_FUNCTION_EXISTS=glXGetProcAddressARB    CMakeFiles/cmTC_11889.dir/CheckFunctionExists.c.o  -o cmTC_11889 -rdynamic /usr/lib64/libGL.so 
make[1]: Verzeichnis „/home/vade9658/programmiersprachen-aufgabenblatt-4/build/CMakeFiles/CMakeTmp“ wird verlassen


